2021-08-09 12:54:58.164+0000 WARN [o.n.k.i.JvmChecker] You are using an unsupported version of the Java runtime. Please use Oracle(R) Java(TM) Runtime Environment 8, OpenJDK(TM) 8 or IBM J9.
2021-08-09 12:54:58.198+0000 WARN [o.n.i.p.PageCache] The dbms.memory.pagecache.size setting has not been configured. It is recommended that this setting is always explicitly configured, to ensure the system has a balanced configuration. Until then, a computed heuristic value of 3182815232 bytes will be used instead. Run `neo4j-admin memrec` for memory configuration suggestions.
2021-08-09 12:54:58.555+0000 INFO [o.n.k.i.f.CommunityEditionModule] No locking implementation specified, defaulting to 'community'
2021-08-09 12:54:58.808+0000 INFO [o.n.k.AvailabilityGuard] Requirement makes database unavailable: Database available
2021-08-09 12:54:58.826+0000 INFO [o.n.k.i.DiagnosticsManager] --- INITIALIZED diagnostics START ---
2021-08-09 12:54:58.827+0000 INFO [o.n.k.i.DiagnosticsManager] Neo4j Kernel properties:
2021-08-09 12:54:58.827+0000 INFO [o.n.k.i.DiagnosticsManager] unsupported.dbms.directories.neo4j_home=C:\Users\user\IdeaProjects\Uploading-files\upload-dir
2021-08-09 12:54:58.827+0000 INFO [o.n.k.i.DiagnosticsManager] unsupported.dbms.edition=community
2021-08-09 12:54:58.827+0000 INFO [o.n.k.i.DiagnosticsManager] unsupported.dbms.ephemeral=false
2021-08-09 12:54:58.827+0000 INFO [o.n.k.i.DiagnosticsManager] Diagnostics providers:
2021-08-09 12:54:58.827+0000 INFO [o.n.k.i.DiagnosticsManager] org.neo4j.kernel.configuration.Config
2021-08-09 12:54:58.827+0000 INFO [o.n.k.i.DiagnosticsManager] org.neo4j.kernel.info.DiagnosticsManager
2021-08-09 12:54:58.827+0000 INFO [o.n.k.i.DiagnosticsManager] SYSTEM_MEMORY
2021-08-09 12:54:58.828+0000 INFO [o.n.k.i.DiagnosticsManager] JAVA_MEMORY
2021-08-09 12:54:58.828+0000 INFO [o.n.k.i.DiagnosticsManager] OPERATING_SYSTEM
2021-08-09 12:54:58.828+0000 INFO [o.n.k.i.DiagnosticsManager] JAVA_VIRTUAL_MACHINE
2021-08-09 12:54:58.828+0000 INFO [o.n.k.i.DiagnosticsManager] CLASSPATH
2021-08-09 12:54:58.828+0000 INFO [o.n.k.i.DiagnosticsManager] LIBRARY_PATH
2021-08-09 12:54:58.828+0000 INFO [o.n.k.i.DiagnosticsManager] SYSTEM_PROPERTIES
2021-08-09 12:54:58.828+0000 INFO [o.n.k.i.DiagnosticsManager] TIMEZONE_DATABASE
2021-08-09 12:54:58.828+0000 INFO [o.n.k.i.DiagnosticsManager] NETWORK
2021-08-09 12:54:58.828+0000 INFO [o.n.k.i.DiagnosticsManager] System memory information:
2021-08-09 12:54:58.831+0000 INFO [o.n.k.i.DiagnosticsManager] Total Physical memory: 7.91 GB
2021-08-09 12:54:58.831+0000 INFO [o.n.k.i.DiagnosticsManager] Free Physical memory: 2.77 GB
2021-08-09 12:54:58.831+0000 INFO [o.n.k.i.DiagnosticsManager] Committed virtual memory: 292.46 MB
2021-08-09 12:54:58.831+0000 INFO [o.n.k.i.DiagnosticsManager] Total swap space: 11.31 GB
2021-08-09 12:54:58.832+0000 INFO [o.n.k.i.DiagnosticsManager] Free swap space: 2.05 GB
2021-08-09 12:54:58.832+0000 INFO [o.n.k.i.DiagnosticsManager] JVM memory information:
2021-08-09 12:54:58.832+0000 INFO [o.n.k.i.DiagnosticsManager] Free  memory: 34.44 MB
2021-08-09 12:54:58.832+0000 INFO [o.n.k.i.DiagnosticsManager] Total memory: 87.00 MB
2021-08-09 12:54:58.832+0000 INFO [o.n.k.i.DiagnosticsManager] Max   memory: 1.98 GB
2021-08-09 12:54:58.836+0000 INFO [o.n.k.i.DiagnosticsManager] Garbage Collector: G1 Young Generation: [G1 Eden Space, G1 Survivor Space, G1 Old Gen]
2021-08-09 12:54:58.837+0000 INFO [o.n.k.i.DiagnosticsManager] Garbage Collector: G1 Old Generation: [G1 Eden Space, G1 Survivor Space, G1 Old Gen]
2021-08-09 12:54:58.838+0000 INFO [o.n.k.i.DiagnosticsManager] Memory Pool: CodeHeap 'non-nmethods' (Non-heap memory): committed=2.44 MB, used=1.29 MB, max=5.63 MB, threshold=0.00 B
2021-08-09 12:54:58.838+0000 INFO [o.n.k.i.DiagnosticsManager] Memory Pool: Metaspace (Non-heap memory): committed=47.87 MB, used=47.11 MB, max=-1.00 B, threshold=0.00 B
2021-08-09 12:54:58.839+0000 INFO [o.n.k.i.DiagnosticsManager] Memory Pool: CodeHeap 'profiled nmethods' (Non-heap memory): committed=9.75 MB, used=9.40 MB, max=117.19 MB, threshold=0.00 B
2021-08-09 12:54:58.839+0000 INFO [o.n.k.i.DiagnosticsManager] Memory Pool: Compressed Class Space (Non-heap memory): committed=5.88 MB, used=5.65 MB, max=1.00 GB, threshold=0.00 B
2021-08-09 12:54:58.840+0000 INFO [o.n.k.i.DiagnosticsManager] Memory Pool: G1 Eden Space (Heap memory): committed=27.00 MB, used=7.00 MB, max=-1.00 B, threshold=?
2021-08-09 12:54:58.840+0000 INFO [o.n.k.i.DiagnosticsManager] Memory Pool: G1 Old Gen (Heap memory): committed=56.00 MB, used=39.97 MB, max=1.98 GB, threshold=0.00 B
2021-08-09 12:54:58.840+0000 INFO [o.n.k.i.DiagnosticsManager] Memory Pool: G1 Survivor Space (Heap memory): committed=4.00 MB, used=4.00 MB, max=-1.00 B, threshold=?
2021-08-09 12:54:58.841+0000 INFO [o.n.k.i.DiagnosticsManager] Memory Pool: CodeHeap 'non-profiled nmethods' (Non-heap memory): committed=2.63 MB, used=2.59 MB, max=117.19 MB, threshold=0.00 B
2021-08-09 12:54:58.841+0000 INFO [o.n.k.i.DiagnosticsManager] Operating system information:
2021-08-09 12:54:58.841+0000 INFO [o.n.k.i.DiagnosticsManager] Operating System: Windows 10; version: 10.0; arch: amd64; cpus: 4
2021-08-09 12:54:58.843+0000 INFO [o.n.k.i.DiagnosticsManager] Process id: 2268@DESKTOP-JMACDK5
2021-08-09 12:54:58.843+0000 INFO [o.n.k.i.DiagnosticsManager] Byte order: LITTLE_ENDIAN
2021-08-09 12:54:58.843+0000 INFO [o.n.k.i.DiagnosticsManager] Local timezone: Europe/Minsk
2021-08-09 12:54:58.843+0000 INFO [o.n.k.i.DiagnosticsManager] JVM information:
2021-08-09 12:54:58.843+0000 INFO [o.n.k.i.DiagnosticsManager] VM Name: Java HotSpot(TM) 64-Bit Server VM
2021-08-09 12:54:58.843+0000 INFO [o.n.k.i.DiagnosticsManager] VM Vendor: Oracle Corporation
2021-08-09 12:54:58.843+0000 INFO [o.n.k.i.DiagnosticsManager] VM Version: 15+36-1562
2021-08-09 12:54:58.844+0000 INFO [o.n.k.i.DiagnosticsManager] JIT compiler: HotSpot 64-Bit Tiered Compilers
2021-08-09 12:54:58.844+0000 INFO [o.n.k.i.DiagnosticsManager] VM Arguments: [-javaagent:C:\Program Files\JetBrains\IntelliJ IDEA Community Edition 2021.1\lib\idea_rt.jar=62767:C:\Program Files\JetBrains\IntelliJ IDEA Community Edition 2021.1\bin, -Dfile.encoding=UTF-8]
2021-08-09 12:54:58.844+0000 INFO [o.n.k.i.DiagnosticsManager] Java classpath:
2021-08-09 12:54:59.139+0000 INFO [o.n.k.i.DiagnosticsManager]  [classpath] C:\Users\user\.m2\repository\org\codehaus\mojo\animal-sniffer-annotations\1.17\animal-sniffer-annotations-1.17.jar
2021-08-09 12:54:59.139+0000 INFO [o.n.k.i.DiagnosticsManager]  [classpath] C:\Users\user\IdeaProjects\Uploading-files\target\classes
2021-08-09 12:54:59.139+0000 INFO [o.n.k.i.DiagnosticsManager]  [classpath] C:\Users\user\.m2\repository\org\apache\pdfbox\fontbox\2.0.16\fontbox-2.0.16.jar
2021-08-09 12:54:59.139+0000 INFO [o.n.k.i.DiagnosticsManager]  [classpath] C:\Users\user\.m2\repository\org\jprocesses\jProcesses\1.6.4\jProcesses-1.6.4.jar
2021-08-09 12:54:59.140+0000 INFO [o.n.k.i.DiagnosticsManager]  [classpath] C:\Users\user\.m2\repository\org\apache\commons\commons-lang3\3.11\commons-lang3-3.11.jar
2021-08-09 12:54:59.140+0000 INFO [o.n.k.i.DiagnosticsManager]  [classpath] C:\Users\user\.m2\repository\jakarta\ws\rs\jakarta.ws.rs-api\2.1.6\jakarta.ws.rs-api-2.1.6.jar
2021-08-09 12:54:59.140+0000 INFO [o.n.k.i.DiagnosticsManager]  [classpath] C:\Users\user\.m2\repository\com\github\jai-imageio\jai-imageio-core\1.4.0\jai-imageio-core-1.4.0.jar
2021-08-09 12:54:59.140+0000 INFO [o.n.k.i.DiagnosticsManager]  [classpath] C:\Users\user\.m2\repository\com\beust\jcommander\1.35\jcommander-1.35.jar
2021-08-09 12:54:59.140+0000 INFO [o.n.k.i.DiagnosticsManager]  [classpath] C:\Users\user\.m2\repository\org\neo4j\neo4j-cypher\3.4.6\neo4j-cypher-3.4.6.jar
2021-08-09 12:54:59.140+0000 INFO [o.n.k.i.DiagnosticsManager]  [classpath] C:\Users\user\.m2\repository\org\neo4j\neo4j-ssl\3.4.6\neo4j-ssl-3.4.6.jar
2021-08-09 12:54:59.140+0000 INFO [o.n.k.i.DiagnosticsManager]  [classpath] C:\Users\user\.m2\repository\commons-io\commons-io\2.6\commons-io-2.6.jar
2021-08-09 12:54:59.140+0000 INFO [o.n.k.i.DiagnosticsManager]  [classpath] C:\Users\user\.m2\repository\org\apache\commons\commons-text\1.3\commons-text-1.3.jar
2021-08-09 12:54:59.140+0000 INFO [o.n.k.i.DiagnosticsManager]  [classpath] C:\Users\user\.m2\repository\org\neo4j\neo4j-lucene-index\3.4.6\neo4j-lucene-index-3.4.6.jar
2021-08-09 12:54:59.140+0000 INFO [o.n.k.i.DiagnosticsManager]  [classpath] C:\Users\user\.m2\repository\com\epam\parso\2.0.11\parso-2.0.11.jar
2021-08-09 12:54:59.140+0000 INFO [o.n.k.i.DiagnosticsManager]  [classpath] C:\Users\user\.m2\repository\org\thymeleaf\thymeleaf-spring5\3.0.12.RELEASE\thymeleaf-spring5-3.0.12.RELEASE.jar
2021-08-09 12:54:59.140+0000 INFO [o.n.k.i.DiagnosticsManager]  [classpath] C:\Users\user\.m2\repository\org\bouncycastle\bcpkix-jdk15on\1.62\bcpkix-jdk15on-1.62.jar
2021-08-09 12:54:59.140+0000 INFO [o.n.k.i.DiagnosticsManager]  [classpath] C:\Users\user\.m2\repository\org\jsoup\jsoup\1.12.1\jsoup-1.12.1.jar
2021-08-09 12:54:59.141+0000 INFO [o.n.k.i.DiagnosticsManager]  [classpath] C:\Users\user\.m2\repository\com\github\junrar\junrar\4.0.0\junrar-4.0.0.jar
2021-08-09 12:54:59.141+0000 INFO [o.n.k.i.DiagnosticsManager]  [classpath] C:\Users\user\.m2\repository\org\jdom\jdom2\2.0.6\jdom2-2.0.6.jar
2021-08-09 12:54:59.141+0000 INFO [o.n.k.i.DiagnosticsManager]  [classpath] C:\Users\user\.m2\repository\org\neo4j\neo4j-consistency-check\3.4.6\neo4j-consistency-check-3.4.6.jar
2021-08-09 12:54:59.141+0000 INFO [o.n.k.i.DiagnosticsManager]  [classpath] C:\Users\user\.m2\repository\org\apache\xmlbeans\xmlbeans\3.0.2\xmlbeans-3.0.2.jar
2021-08-09 12:54:59.141+0000 INFO [o.n.k.i.DiagnosticsManager]  [classpath] C:\Users\user\.m2\repository\org\ow2\asm\asm\7.2-beta\asm-7.2-beta.jar
2021-08-09 12:54:59.141+0000 INFO [o.n.k.i.DiagnosticsManager]  [classpath] C:\Users\user\.m2\repository\org\apache\httpcomponents\httpcore\4.4.14\httpcore-4.4.14.jar
2021-08-09 12:54:59.141+0000 INFO [o.n.k.i.DiagnosticsManager]  [classpath] C:\Users\user\.m2\repository\com\fasterxml\jackson\core\jackson-annotations\2.11.4\jackson-annotations-2.11.4.jar
2021-08-09 12:54:59.141+0000 INFO [o.n.k.i.DiagnosticsManager]  [classpath] C:\Users\user\.m2\repository\com\healthmarketscience\jackcess\jackcess-encrypt\3.0.0\jackcess-encrypt-3.0.0.jar
2021-08-09 12:54:59.141+0000 INFO [o.n.k.i.DiagnosticsManager]  [classpath] C:\Users\user\.m2\repository\org\jvnet\staxex\stax-ex\1.8.3\stax-ex-1.8.3.jar
2021-08-09 12:54:59.141+0000 INFO [o.n.k.i.DiagnosticsManager]  [classpath] C:\Users\user\.m2\repository\org\jboss\spec\javax\rmi\jboss-rmi-api_1.0_spec\1.0.6.Final\jboss-rmi-api_1.0_spec-1.0.6.Final.jar
2021-08-09 12:54:59.141+0000 INFO [o.n.k.i.DiagnosticsManager]  [classpath] C:\Users\user\.m2\repository\org\springframework\boot\spring-boot-starter-thymeleaf\2.4.9\spring-boot-starter-thymeleaf-2.4.9.jar
2021-08-09 12:54:59.141+0000 INFO [o.n.k.i.DiagnosticsManager]  [classpath] C:\Users\user\.m2\repository\com\rometools\rome-utils\1.12.1\rome-utils-1.12.1.jar
2021-08-09 12:54:59.141+0000 INFO [o.n.k.i.DiagnosticsManager]  [classpath] C:\Users\user\.m2\repository\jakarta\xml\soap\jakarta.xml.soap-api\1.4.2\jakarta.xml.soap-api-1.4.2.jar
2021-08-09 12:54:59.142+0000 INFO [o.n.k.i.DiagnosticsManager]  [classpath] C:\Users\user\.m2\repository\edu\ucar\grib\4.5.5\grib-4.5.5.jar
2021-08-09 12:54:59.142+0000 INFO [o.n.k.i.DiagnosticsManager]  [classpath] C:\Users\user\.m2\repository\org\neo4j\neo4j-index\3.4.6\neo4j-index-3.4.6.jar
2021-08-09 12:54:59.142+0000 INFO [o.n.k.i.DiagnosticsManager]  [classpath] C:\Users\user\.m2\repository\edu\ucar\httpservices\4.5.5\httpservices-4.5.5.jar
2021-08-09 12:54:59.142+0000 INFO [o.n.k.i.DiagnosticsManager]  [classpath] C:\Users\user\.m2\repository\com\google\j2objc\j2objc-annotations\1.3\j2objc-annotations-1.3.jar
2021-08-09 12:54:59.142+0000 INFO [o.n.k.i.DiagnosticsManager]  [classpath] C:\Users\user\.m2\repository\org\slf4j\slf4j-api\1.7.32\slf4j-api-1.7.32.jar
2021-08-09 12:54:59.142+0000 INFO [o.n.k.i.DiagnosticsManager]  [classpath] C:\Users\user\.m2\repository\org\apache\lucene\lucene-backward-codecs\5.5.0\lucene-backward-codecs-5.5.0.jar
2021-08-09 12:54:59.142+0000 INFO [o.n.k.i.DiagnosticsManager]  [classpath] C:\Users\user\.m2\repository\org\apache\pdfbox\jbig2-imageio\3.0.2\jbig2-imageio-3.0.2.jar
2021-08-09 12:54:59.142+0000 INFO [o.n.k.i.DiagnosticsManager]  [classpath] C:\Users\user\.m2\repository\org\checkerframework\checker-qual\2.8.1\checker-qual-2.8.1.jar
2021-08-09 12:54:59.142+0000 INFO [o.n.k.i.DiagnosticsManager]  [classpath] C:\Users\user\.m2\repository\com\google\code\findbugs\jsr305\3.0.2\jsr305-3.0.2.jar
2021-08-09 12:54:59.142+0000 INFO [o.n.k.i.DiagnosticsManager]  [classpath] C:\Users\user\.m2\repository\org\apache\cxf\cxf-rt-transports-http\3.3.2\cxf-rt-transports-http-3.3.2.jar
2021-08-09 12:54:59.142+0000 INFO [o.n.k.i.DiagnosticsManager]  [classpath] C:\Users\user\.m2\repository\org\glassfish\jaxb\xsom\2.3.4\xsom-2.3.4.jar
2021-08-09 12:54:59.142+0000 INFO [o.n.k.i.DiagnosticsManager]  [classpath] C:\Users\user\.m2\repository\org\thymeleaf\thymeleaf\3.0.12.RELEASE\thymeleaf-3.0.12.RELEASE.jar
2021-08-09 12:54:59.143+0000 INFO [o.n.k.i.DiagnosticsManager]  [classpath] C:\Users\user\.m2\repository\org\glassfish\jakarta.el\3.0.3\jakarta.el-3.0.3.jar
2021-08-09 12:54:59.143+0000 INFO [o.n.k.i.DiagnosticsManager]  [classpath] C:\Users\user\.m2\repository\org\apache\james\apache-mime4j-core\0.8.3\apache-mime4j-core-0.8.3.jar
2021-08-09 12:54:59.143+0000 INFO [o.n.k.i.DiagnosticsManager]  [classpath] C:\Users\user\.m2\repository\com\sun\istack\istack-commons-runtime\3.0.12\istack-commons-runtime-3.0.12.jar
2021-08-09 12:54:59.143+0000 INFO [o.n.k.i.DiagnosticsManager]  [classpath] C:\Users\user\.m2\repository\org\neo4j\neo4j-values\3.4.6\neo4j-values-3.4.6.jar
2021-08-09 12:54:59.143+0000 INFO [o.n.k.i.DiagnosticsManager]  [classpath] C:\Users\user\.m2\repository\org\codelibs\jhighlight\1.0.3\jhighlight-1.0.3.jar
2021-08-09 12:54:59.143+0000 INFO [o.n.k.i.DiagnosticsManager]  [classpath] C:\Users\user\.m2\repository\org\neo4j\neo4j-cypher-util-3.4\3.4.6\neo4j-cypher-util-3.4-3.4.6.jar
2021-08-09 12:54:59.143+0000 INFO [o.n.k.i.DiagnosticsManager]  [classpath] C:\Users\user\.m2\repository\org\apache\poi\poi\4.0.1\poi-4.0.1.jar
2021-08-09 12:54:59.143+0000 INFO [o.n.k.i.DiagnosticsManager]  [classpath] C:\Users\user\.m2\repository\net\sf\ehcache\ehcache-core\2.6.2\ehcache-core-2.6.2.jar
2021-08-09 12:54:59.143+0000 INFO [o.n.k.i.DiagnosticsManager]  [classpath] C:\Users\user\.m2\repository\org\ow2\asm\asm-analysis\6.2\asm-analysis-6.2.jar
2021-08-09 12:54:59.143+0000 INFO [o.n.k.i.DiagnosticsManager]  [classpath] C:\Users\user\.m2\repository\com\sun\activation\jakarta.activation\1.2.2\jakarta.activation-1.2.2.jar
2021-08-09 12:54:59.143+0000 INFO [o.n.k.i.DiagnosticsManager]  [classpath] C:\Users\user\.m2\repository\org\neo4j\neo4j-cypher-compiler-2.3\2.3.12\neo4j-cypher-compiler-2.3-2.3.12.jar
2021-08-09 12:54:59.143+0000 INFO [o.n.k.i.DiagnosticsManager]  [classpath] C:\Users\user\.m2\repository\commons-codec\commons-codec\1.15\commons-codec-1.15.jar
2021-08-09 12:54:59.143+0000 INFO [o.n.k.i.DiagnosticsManager]  [classpath] C:\Users\user\.m2\repository\com\google\errorprone\error_prone_annotations\2.3.2\error_prone_annotations-2.3.2.jar
2021-08-09 12:54:59.143+0000 INFO [o.n.k.i.DiagnosticsManager]  [classpath] C:\Users\user\.m2\repository\org\apache\logging\log4j\log4j-api\2.13.3\log4j-api-2.13.3.jar
2021-08-09 12:54:59.143+0000 INFO [o.n.k.i.DiagnosticsManager]  [classpath] C:\Users\user\.m2\repository\org\neo4j\neo4j-graph-matching\3.1.9\neo4j-graph-matching-3.1.9.jar
2021-08-09 12:54:59.143+0000 INFO [o.n.k.i.DiagnosticsManager]  [classpath] C:\Users\user\.m2\repository\org\apache\sis\storage\sis-storage\0.8\sis-storage-0.8.jar
2021-08-09 12:54:59.143+0000 INFO [o.n.k.i.DiagnosticsManager]  [classpath] C:\Users\user\.m2\repository\org\yaml\snakeyaml\1.27\snakeyaml-1.27.jar
2021-08-09 12:54:59.144+0000 INFO [o.n.k.i.DiagnosticsManager]  [classpath] C:\Users\user\.m2\repository\org\neo4j\neo4j-cypher-logical-plans-3.3\3.3.6\neo4j-cypher-logical-plans-3.3-3.3.6.jar
2021-08-09 12:54:59.144+0000 INFO [o.n.k.i.DiagnosticsManager]  [classpath] C:\Users\user\.m2\repository\org\gagravarr\vorbis-java-core\0.8\vorbis-java-core-0.8.jar
2021-08-09 12:54:59.144+0000 INFO [o.n.k.i.DiagnosticsManager]  [classpath] C:\Users\user\.m2\repository\org\springframework\spring-webmvc\5.3.9\spring-webmvc-5.3.9.jar
2021-08-09 12:54:59.144+0000 INFO [o.n.k.i.DiagnosticsManager]  [classpath] C:\Users\user\.m2\repository\org\neo4j\neo4j-cypher-runtime-util\3.4.6\neo4j-cypher-runtime-util-3.4.6.jar
2021-08-09 12:54:59.144+0000 INFO [o.n.k.i.DiagnosticsManager]  [classpath] C:\Users\user\.m2\repository\org\tallison\jmatio\1.5\jmatio-1.5.jar
2021-08-09 12:54:59.144+0000 INFO [o.n.k.i.DiagnosticsManager]  [classpath] C:\Users\user\.m2\repository\org\itadaki\bzip2\0.9.1\bzip2-0.9.1.jar
2021-08-09 12:54:59.144+0000 INFO [o.n.k.i.DiagnosticsManager]  [classpath] C:\Users\user\.m2\repository\org\neo4j\neo4j-procedure-api\3.4.6\neo4j-procedure-api-3.4.6.jar
2021-08-09 12:54:59.144+0000 INFO [o.n.k.i.DiagnosticsManager]  [classpath] C:\Users\user\.m2\repository\org\neo4j\neo4j-cypher-compiler-3.3\3.3.6\neo4j-cypher-compiler-3.3-3.3.6.jar
2021-08-09 12:54:59.144+0000 INFO [o.n.k.i.DiagnosticsManager]  [classpath] C:\Users\user\.m2\repository\com\adobe\xmp\xmpcore\5.1.3\xmpcore-5.1.3.jar
2021-08-09 12:54:59.145+0000 INFO [o.n.k.i.DiagnosticsManager]  [classpath] C:\Users\user\.m2\repository\org\apache\pdfbox\jempbox\1.8.16\jempbox-1.8.16.jar
2021-08-09 12:54:59.145+0000 INFO [o.n.k.i.DiagnosticsManager]  [classpath] C:\Users\user\.m2\repository\net\jcip\jcip-annotations\1.0\jcip-annotations-1.0.jar
2021-08-09 12:54:59.145+0000 INFO [o.n.k.i.DiagnosticsManager]  [classpath] C:\Users\user\.m2\repository\com\mchange\mchange-commons-java\0.2.15\mchange-commons-java-0.2.15.jar
2021-08-09 12:54:59.145+0000 INFO [o.n.k.i.DiagnosticsManager]  [classpath] C:\Users\user\.m2\repository\com\googlecode\concurrentlinkedhashmap\concurrentlinkedhashmap-lru\1.4.2\concurrentlinkedhashmap-lru-1.4.2.jar
2021-08-09 12:54:59.145+0000 INFO [o.n.k.i.DiagnosticsManager]  [classpath] C:\Users\user\.m2\repository\io\netty\netty-all\4.1.66.Final\netty-all-4.1.66.Final.jar
2021-08-09 12:54:59.145+0000 INFO [o.n.k.i.DiagnosticsManager]  [classpath] C:\Users\user\.m2\repository\org\scala-lang\scala-reflect\2.11.12\scala-reflect-2.11.12.jar
2021-08-09 12:54:59.145+0000 INFO [o.n.k.i.DiagnosticsManager]  [classpath] C:\Users\user\.m2\repository\org\parboiled\parboiled-core\1.1.7\parboiled-core-1.1.7.jar
2021-08-09 12:54:59.145+0000 INFO [o.n.k.i.DiagnosticsManager]  [classpath] C:\Users\user\.m2\repository\org\springframework\boot\spring-boot-starter-web\2.4.9\spring-boot-starter-web-2.4.9.jar
2021-08-09 12:54:59.145+0000 INFO [o.n.k.i.DiagnosticsManager]  [classpath] C:\Users\user\.m2\repository\org\apache\cxf\cxf-rt-rs-client\3.3.2\cxf-rt-rs-client-3.3.2.jar
2021-08-09 12:54:59.146+0000 INFO [o.n.k.i.DiagnosticsManager]  [classpath] C:\Users\user\.m2\repository\com\sun\istack\istack-commons-tools\3.0.12\istack-commons-tools-3.0.12.jar
2021-08-09 12:54:59.146+0000 INFO [o.n.k.i.DiagnosticsManager]  [classpath] C:\Users\user\.m2\repository\net\java\dev\jna\jna\5.3.1\jna-5.3.1.jar
2021-08-09 12:54:59.146+0000 INFO [o.n.k.i.DiagnosticsManager]  [classpath] C:\Users\user\.m2\repository\org\slf4j\jcl-over-slf4j\1.7.32\jcl-over-slf4j-1.7.32.jar
2021-08-09 12:54:59.146+0000 INFO [o.n.k.i.DiagnosticsManager]  [classpath] C:\Users\user\.m2\repository\org\apache\poi\poi-scratchpad\4.0.1\poi-scratchpad-4.0.1.jar
2021-08-09 12:54:59.146+0000 INFO [o.n.k.i.DiagnosticsManager]  [classpath] C:\Users\user\.m2\repository\org\tukaani\xz\1.8\xz-1.8.jar
2021-08-09 12:54:59.146+0000 INFO [o.n.k.i.DiagnosticsManager]  [classpath] C:\Users\user\.m2\repository\org\neo4j\neo4j-cypher-compiler-3.1\3.1.9\neo4j-cypher-compiler-3.1-3.1.9.jar
2021-08-09 12:54:59.146+0000 INFO [o.n.k.i.DiagnosticsManager]  [classpath] C:\Users\user\.m2\repository\org\apache\lucene\lucene-core\5.5.5\lucene-core-5.5.5.jar
2021-08-09 12:54:59.146+0000 INFO [o.n.k.i.DiagnosticsManager]  [classpath] C:\Users\user\.m2\repository\edu\ucar\cdm\4.5.5\cdm-4.5.5.jar
2021-08-09 12:54:59.146+0000 INFO [o.n.k.i.DiagnosticsManager]  [classpath] C:\Users\user\.m2\repository\org\ow2\asm\asm-util\6.2\asm-util-6.2.jar
2021-08-09 12:54:59.146+0000 INFO [o.n.k.i.DiagnosticsManager]  [classpath] C:\Users\user\.m2\repository\com\fasterxml\jackson\datatype\jackson-datatype-jsr310\2.11.4\jackson-datatype-jsr310-2.11.4.jar
2021-08-09 12:54:59.146+0000 INFO [o.n.k.i.DiagnosticsManager]  [classpath] C:\Users\user\.m2\repository\com\sun\xml\dtd-parser\dtd-parser\1.4.4\dtd-parser-1.4.4.jar
2021-08-09 12:54:59.146+0000 INFO [o.n.k.i.DiagnosticsManager]  [classpath] C:\Users\user\.m2\repository\com\fasterxml\woodstox\woodstox-core\5.0.3\woodstox-core-5.0.3.jar
2021-08-09 12:54:59.146+0000 INFO [o.n.k.i.DiagnosticsManager]  [classpath] C:\Users\user\.m2\repository\org\springframework\spring-context\5.3.9\spring-context-5.3.9.jar
2021-08-09 12:54:59.146+0000 INFO [o.n.k.i.DiagnosticsManager]  [classpath] C:\Users\user\.m2\repository\org\apache\geronimo\specs\geronimo-jta_1.1_spec\1.1.1\geronimo-jta_1.1_spec-1.1.1.jar
2021-08-09 12:54:59.146+0000 INFO [o.n.k.i.DiagnosticsManager]  [classpath] C:\Users\user\.m2\repository\org\neo4j\neo4j\3.4.6\neo4j-3.4.6.jar
2021-08-09 12:54:59.146+0000 INFO [o.n.k.i.DiagnosticsManager]  [classpath] C:\Users\user\.m2\repository\org\neo4j\neo4j-spatial-index\3.4.6\neo4j-spatial-index-3.4.6.jar
2021-08-09 12:54:59.146+0000 INFO [o.n.k.i.DiagnosticsManager]  [classpath] C:\Users\user\.m2\repository\javax\annotation\javax.annotation-api\1.3.2\javax.annotation-api-1.3.2.jar
2021-08-09 12:54:59.147+0000 INFO [o.n.k.i.DiagnosticsManager]  [classpath] C:\Users\user\.m2\repository\org\apache\cxf\cxf-rt-frontend-jaxrs\3.3.2\cxf-rt-frontend-jaxrs-3.3.2.jar
2021-08-09 12:54:59.147+0000 INFO [o.n.k.i.DiagnosticsManager]  [classpath] C:\Users\user\.m2\repository\org\neo4j\neo4j-cypher-interpreted-runtime\3.4.6\neo4j-cypher-interpreted-runtime-3.4.6.jar
2021-08-09 12:54:59.147+0000 INFO [o.n.k.i.DiagnosticsManager]  [classpath] C:\Users\user\.m2\repository\org\neo4j\neo4j-cypher-logical-plans-3.4\3.4.6\neo4j-cypher-logical-plans-3.4-3.4.6.jar
2021-08-09 12:54:59.147+0000 INFO [o.n.k.i.DiagnosticsManager]  [classpath] C:\Users\user\.m2\repository\org\neo4j\neo4j-graphdb-api\3.4.6\neo4j-graphdb-api-3.4.6.jar
2021-08-09 12:54:59.147+0000 INFO [o.n.k.i.DiagnosticsManager]  [classpath] C:\Users\user\.m2\repository\com\google\protobuf\protobuf-java\3.9.0\protobuf-java-3.9.0.jar
2021-08-09 12:54:59.147+0000 INFO [o.n.k.i.DiagnosticsManager]  [classpath] C:\Users\user\.m2\repository\org\neo4j\neo4j-configuration\3.4.6\neo4j-configuration-3.4.6.jar
2021-08-09 12:54:59.147+0000 INFO [o.n.k.i.DiagnosticsManager]  [classpath] C:\Users\user\.m2\repository\org\neo4j\neo4j-cypher-planner-3.4\3.4.6\neo4j-cypher-planner-3.4-3.4.6.jar
2021-08-09 12:54:59.147+0000 INFO [o.n.k.i.DiagnosticsManager]  [classpath] C:\Users\user\.m2\repository\edu\ucar\udunits\4.5.5\udunits-4.5.5.jar
2021-08-09 12:54:59.147+0000 INFO [o.n.k.i.DiagnosticsManager]  [classpath] C:\Users\user\.m2\repository\org\ow2\asm\asm-tree\6.2\asm-tree-6.2.jar
2021-08-09 12:54:59.147+0000 INFO [o.n.k.i.DiagnosticsManager]  [classpath] C:\Users\user\.m2\repository\org\apache\poi\poi-ooxml\4.0.1\poi-ooxml-4.0.1.jar
2021-08-09 12:54:59.147+0000 INFO [o.n.k.i.DiagnosticsManager]  [classpath] C:\Users\user\.m2\repository\org\apache\tomcat\embed\tomcat-embed-core\9.0.50\tomcat-embed-core-9.0.50.jar
2021-08-09 12:54:59.147+0000 INFO [o.n.k.i.DiagnosticsManager]  [classpath] C:\Users\user\.m2\repository\org\neo4j\neo4j-unsafe\3.4.6\neo4j-unsafe-3.4.6.jar
2021-08-09 12:54:59.147+0000 INFO [o.n.k.i.DiagnosticsManager]  [classpath] C:\Users\user\.m2\repository\com\github\virtuald\curvesapi\1.05\curvesapi-1.05.jar
2021-08-09 12:54:59.147+0000 INFO [o.n.k.i.DiagnosticsManager]  [classpath] C:\Users\user\.m2\repository\org\apache\lucene\lucene-codecs\5.5.5\lucene-codecs-5.5.5.jar
2021-08-09 12:54:59.147+0000 INFO [o.n.k.i.DiagnosticsManager]  [classpath] C:\Users\user\.m2\repository\org\neo4j\neo4j-dbms\3.4.6\neo4j-dbms-3.4.6.jar
2021-08-09 12:54:59.147+0000 INFO [o.n.k.i.DiagnosticsManager]  [classpath] C:\Users\user\.m2\repository\com\github\openjson\openjson\1.0.11\openjson-1.0.11.jar
2021-08-09 12:54:59.147+0000 INFO [o.n.k.i.DiagnosticsManager]  [classpath] C:\Users\user\.m2\repository\org\neo4j\neo4j-command-line\3.4.6\neo4j-command-line-3.4.6.jar
2021-08-09 12:54:59.147+0000 INFO [o.n.k.i.DiagnosticsManager]  [classpath] C:\Users\user\.m2\repository\com\sun\activation\javax.activation\1.2.0\javax.activation-1.2.0.jar
2021-08-09 12:54:59.147+0000 INFO [o.n.k.i.DiagnosticsManager]  [classpath] C:\Users\user\.m2\repository\org\springframework\spring-expression\5.3.9\spring-expression-5.3.9.jar
2021-08-09 12:54:59.147+0000 INFO [o.n.k.i.DiagnosticsManager]  [classpath] C:\Users\user\.m2\repository\org\apache\tomcat\embed\tomcat-embed-websocket\9.0.50\tomcat-embed-websocket-9.0.50.jar
2021-08-09 12:54:59.147+0000 INFO [o.n.k.i.DiagnosticsManager]  [classpath] C:\Users\user\.m2\repository\com\rometools\rome\1.12.1\rome-1.12.1.jar
2021-08-09 12:54:59.147+0000 INFO [o.n.k.i.DiagnosticsManager]  [classpath] C:\Users\user\.m2\repository\org\springframework\spring-beans\5.3.9\spring-beans-5.3.9.jar
2021-08-09 12:54:59.147+0000 INFO [o.n.k.i.DiagnosticsManager]  [classpath] C:\Users\user\.m2\repository\org\neo4j\neo4j-cypher-ir-3.4\3.4.6\neo4j-cypher-ir-3.4-3.4.6.jar
2021-08-09 12:54:59.148+0000 INFO [o.n.k.i.DiagnosticsManager]  [classpath] C:\Users\user\.m2\repository\com\fasterxml\jackson\core\jackson-databind\2.11.4\jackson-databind-2.11.4.jar
2021-08-09 12:54:59.148+0000 INFO [o.n.k.i.DiagnosticsManager]  [classpath] C:\Users\user\.m2\repository\net\sf\opencsv\opencsv\2.3\opencsv-2.3.jar
2021-08-09 12:54:59.148+0000 INFO [o.n.k.i.DiagnosticsManager]  [classpath] C:\Users\user\.m2\repository\ch\qos\logback\logback-core\1.2.4\logback-core-1.2.4.jar
2021-08-09 12:54:59.148+0000 INFO [o.n.k.i.DiagnosticsManager]  [classpath] C:\Users\user\.m2\repository\org\springframework\boot\spring-boot\2.4.9\spring-boot-2.4.9.jar
2021-08-09 12:54:59.148+0000 INFO [o.n.k.i.DiagnosticsManager]  [classpath] C:\Users\user\.m2\repository\org\scala-lang\scala-library\2.11.12\scala-library-2.11.12.jar
2021-08-09 12:54:59.148+0000 INFO [o.n.k.i.DiagnosticsManager]  [classpath] C:\Users\user\.m2\repository\org\springframework\boot\spring-boot-starter\2.4.9\spring-boot-starter-2.4.9.jar
2021-08-09 12:54:59.148+0000 INFO [o.n.k.i.DiagnosticsManager]  [classpath] C:\Users\user\.m2\repository\org\quartz-scheduler\quartz\2.3.2\quartz-2.3.2.jar
2021-08-09 12:54:59.148+0000 INFO [o.n.k.i.DiagnosticsManager]  [classpath] C:\Users\user\.m2\repository\org\apache\pdfbox\pdfbox-tools\2.0.16\pdfbox-tools-2.0.16.jar
2021-08-09 12:54:59.148+0000 INFO [o.n.k.i.DiagnosticsManager]  [classpath] C:\Users\user\.m2\repository\xml-apis\xml-apis\1.4.01\xml-apis-1.4.01.jar
2021-08-09 12:54:59.148+0000 INFO [o.n.k.i.DiagnosticsManager]  [classpath] C:\Users\user\.m2\repository\org\apache\poi\poi-ooxml-schemas\4.0.1\poi-ooxml-schemas-4.0.1.jar
2021-08-09 12:54:59.148+0000 INFO [o.n.k.i.DiagnosticsManager]  [classpath] C:\Users\user\.m2\repository\org\apache\sis\core\sis-utility\0.8\sis-utility-0.8.jar
2021-08-09 12:54:59.148+0000 INFO [o.n.k.i.DiagnosticsManager]  [classpath] C:\Users\user\.m2\repository\org\springframework\spring-jcl\5.3.9\spring-jcl-5.3.9.jar
2021-08-09 12:54:59.148+0000 INFO [o.n.k.i.DiagnosticsManager]  [classpath] C:\Users\user\.m2\repository\org\apache\sis\core\sis-referencing\0.8\sis-referencing-0.8.jar
2021-08-09 12:54:59.148+0000 INFO [o.n.k.i.DiagnosticsManager]  [classpath] C:\Users\user\.m2\repository\org\neo4j\neo4j-cypher-planner-spi-3.4\3.4.6\neo4j-cypher-planner-spi-3.4-3.4.6.jar
2021-08-09 12:54:59.148+0000 INFO [o.n.k.i.DiagnosticsManager]  [classpath] C:\Users\user\.m2\repository\edu\ucar\netcdf4\4.5.5\netcdf4-4.5.5.jar
2021-08-09 12:54:59.148+0000 INFO [o.n.k.i.DiagnosticsManager]  [classpath] C:\Users\user\.m2\repository\org\neo4j\neo4j-kernel-api\3.4.6\neo4j-kernel-api-3.4.6.jar
2021-08-09 12:54:59.148+0000 INFO [o.n.k.i.DiagnosticsManager]  [classpath] C:\Users\user\.m2\repository\org\apache\httpcomponents\httpclient\4.5.13\httpclient-4.5.13.jar
2021-08-09 12:54:59.148+0000 INFO [o.n.k.i.DiagnosticsManager]  [classpath] C:\Users\user\.m2\repository\org\unbescape\unbescape\1.1.6.RELEASE\unbescape-1.1.6.RELEASE.jar
2021-08-09 12:54:59.148+0000 INFO [o.n.k.i.DiagnosticsManager]  [classpath] C:\Users\user\.m2\repository\com\google\guava\failureaccess\1.0.1\failureaccess-1.0.1.jar
2021-08-09 12:54:59.148+0000 INFO [o.n.k.i.DiagnosticsManager]  [classpath] C:\Users\user\.m2\repository\org\neo4j\neo4j-import-tool\3.4.6\neo4j-import-tool-3.4.6.jar
2021-08-09 12:54:59.148+0000 INFO [o.n.k.i.DiagnosticsManager]  [classpath] C:\Users\user\.m2\repository\org\brotli\dec\0.1.2\dec-0.1.2.jar
2021-08-09 12:54:59.148+0000 INFO [o.n.k.i.DiagnosticsManager]  [classpath] C:\Users\user\.m2\repository\com\google\guava\listenablefuture\9999.0-empty-to-avoid-conflict-with-guava\listenablefuture-9999.0-empty-to-avoid-conflict-with-guava.jar
2021-08-09 12:54:59.148+0000 INFO [o.n.k.i.DiagnosticsManager]  [classpath] C:\Users\user\.m2\repository\org\apache\pdfbox\pdfbox\2.0.16\pdfbox-2.0.16.jar
2021-08-09 12:54:59.148+0000 INFO [o.n.k.i.DiagnosticsManager]  [classpath] C:\Users\user\.m2\repository\joda-time\joda-time\2.2\joda-time-2.2.jar
2021-08-09 12:54:59.148+0000 INFO [o.n.k.i.DiagnosticsManager]  [classpath] C:\Users\user\.m2\repository\javax\measure\unit-api\1.0\unit-api-1.0.jar
2021-08-09 12:54:59.149+0000 INFO [o.n.k.i.DiagnosticsManager]  [classpath] C:\Users\user\.m2\repository\org\neo4j\neo4j-cypher-expression-3.4\3.4.6\neo4j-cypher-expression-3.4-3.4.6.jar
2021-08-09 12:54:59.149+0000 INFO [o.n.k.i.DiagnosticsManager]  [classpath] C:\Users\user\.m2\repository\org\glassfish\jaxb\jaxb-xjc\2.3.4\jaxb-xjc-2.3.4.jar
2021-08-09 12:54:59.149+0000 INFO [o.n.k.i.DiagnosticsManager]  [classpath] C:\Users\user\.m2\repository\org\thymeleaf\extras\thymeleaf-extras-java8time\3.0.4.RELEASE\thymeleaf-extras-java8time-3.0.4.RELEASE.jar
2021-08-09 12:54:59.149+0000 INFO [o.n.k.i.DiagnosticsManager]  [classpath] C:\Users\user\.m2\repository\org\apache\sis\core\sis-feature\0.8\sis-feature-0.8.jar
2021-08-09 12:54:59.149+0000 INFO [o.n.k.i.DiagnosticsManager]  [classpath] C:\Users\user\.m2\repository\edu\usc\ir\sentiment-analysis-parser\0.1\sentiment-analysis-parser-0.1.jar
2021-08-09 12:54:59.149+0000 INFO [o.n.k.i.DiagnosticsManager]  [classpath] C:\Users\user\.m2\repository\org\neo4j\neo4j-codegen\3.4.6\neo4j-codegen-3.4.6.jar
2021-08-09 12:54:59.149+0000 INFO [o.n.k.i.DiagnosticsManager]  [classpath] C:\Users\user\.m2\repository\org\neo4j\neo4j-resource\3.4.6\neo4j-resource-3.4.6.jar
2021-08-09 12:54:59.149+0000 INFO [o.n.k.i.DiagnosticsManager]  [classpath] C:\Users\user\.m2\repository\com\fasterxml\jackson\core\jackson-core\2.11.4\jackson-core-2.11.4.jar
2021-08-09 12:54:59.149+0000 INFO [o.n.k.i.DiagnosticsManager]  [classpath] C:\Users\user\.m2\repository\org\neo4j\neo4j-kernel\3.4.6\neo4j-kernel-3.4.6.jar
2021-08-09 12:54:59.149+0000 INFO [o.n.k.i.DiagnosticsManager]  [classpath] C:\Users\user\.m2\repository\jakarta\annotation\jakarta.annotation-api\1.3.5\jakarta.annotation-api-1.3.5.jar
2021-08-09 12:54:59.149+0000 INFO [o.n.k.i.DiagnosticsManager]  [classpath] C:\Users\user\.m2\repository\org\glassfish\jaxb\jaxb-runtime\2.3.4\jaxb-runtime-2.3.4.jar
2021-08-09 12:54:59.149+0000 INFO [o.n.k.i.DiagnosticsManager]  [classpath] C:\Users\user\.m2\repository\org\apache\cxf\cxf-core\3.3.2\cxf-core-3.3.2.jar
2021-08-09 12:54:59.149+0000 INFO [o.n.k.i.DiagnosticsManager]  [classpath] C:\Users\user\.m2\repository\com\mchange\c3p0\0.9.5.4\c3p0-0.9.5.4.jar
2021-08-09 12:54:59.149+0000 INFO [o.n.k.i.DiagnosticsManager]  [classpath] C:\Users\user\.m2\repository\org\apache\httpcomponents\httpmime\4.5.13\httpmime-4.5.13.jar
2021-08-09 12:54:59.149+0000 INFO [o.n.k.i.DiagnosticsManager]  [classpath] C:\Users\user\.m2\repository\org\springframework\spring-core\5.3.9\spring-core-5.3.9.jar
2021-08-09 12:54:59.149+0000 INFO [o.n.k.i.DiagnosticsManager]  [classpath] C:\Users\user\.m2\repository\org\springframework\spring-web\5.3.9\spring-web-5.3.9.jar
2021-08-09 12:54:59.149+0000 INFO [o.n.k.i.DiagnosticsManager]  [classpath] C:\Users\user\.m2\repository\org\glassfish\jaxb\txw2\2.3.4\txw2-2.3.4.jar
2021-08-09 12:54:59.149+0000 INFO [o.n.k.i.DiagnosticsManager]  [classpath] C:\Users\user\.m2\repository\com\healthmarketscience\jackcess\jackcess\3.0.1\jackcess-3.0.1.jar
2021-08-09 12:54:59.149+0000 INFO [o.n.k.i.DiagnosticsManager]  [classpath] C:\Users\user\.m2\repository\org\apache\sis\storage\sis-netcdf\0.8\sis-netcdf-0.8.jar
2021-08-09 12:54:59.149+0000 INFO [o.n.k.i.DiagnosticsManager]  [classpath] C:\Users\user\.m2\repository\org\codehaus\woodstox\stax2-api\3.1.4\stax2-api-3.1.4.jar
2021-08-09 12:54:59.149+0000 INFO [o.n.k.i.DiagnosticsManager]  [classpath] C:\Users\user\.m2\repository\org\bouncycastle\bcmail-jdk15on\1.62\bcmail-jdk15on-1.62.jar
2021-08-09 12:54:59.149+0000 INFO [o.n.k.i.DiagnosticsManager]  [classpath] C:\Users\user\.m2\repository\org\neo4j\neo4j-primitive-collections\3.4.6\neo4j-primitive-collections-3.4.6.jar
2021-08-09 12:54:59.149+0000 INFO [o.n.k.i.DiagnosticsManager]  [classpath] C:\Users\user\.m2\repository\javax\xml\soap\javax.xml.soap-api\1.4.0\javax.xml.soap-api-1.4.0.jar
2021-08-09 12:54:59.150+0000 INFO [o.n.k.i.DiagnosticsManager]  [classpath] C:\Users\user\.m2\repository\org\slf4j\jul-to-slf4j\1.7.32\jul-to-slf4j-1.7.32.jar
2021-08-09 12:54:59.150+0000 INFO [o.n.k.i.DiagnosticsManager]  [classpath] C:\Users\user\.m2\repository\org\parboiled\parboiled-scala_2.11\1.1.7\parboiled-scala_2.11-1.1.7.jar
2021-08-09 12:54:59.150+0000 INFO [o.n.k.i.DiagnosticsManager]  [classpath] C:\Users\user\.m2\repository\com\sun\xml\bind\external\rngom\2.3.4\rngom-2.3.4.jar
2021-08-09 12:54:59.150+0000 INFO [o.n.k.i.DiagnosticsManager]  [classpath] C:\Users\user\.m2\repository\org\opengis\geoapi\3.0.1\geoapi-3.0.1.jar
2021-08-09 12:54:59.150+0000 INFO [o.n.k.i.DiagnosticsManager]  [classpath] C:\Users\user\.m2\repository\org\apache\lucene\lucene-analyzers-common\5.5.5\lucene-analyzers-common-5.5.5.jar
2021-08-09 12:54:59.150+0000 INFO [o.n.k.i.DiagnosticsManager]  [classpath] C:\Users\user\.m2\repository\org\apache\commons\commons-collections4\4.2\commons-collections4-4.2.jar
2021-08-09 12:54:59.150+0000 INFO [o.n.k.i.DiagnosticsManager]  [classpath] C:\Users\user\.m2\repository\org\neo4j\neo4j-udc\3.4.6\neo4j-udc-3.4.6.jar
2021-08-09 12:54:59.150+0000 INFO [o.n.k.i.DiagnosticsManager]  [classpath] C:\Users\user\.m2\repository\com\sun\xml\bind\external\relaxng-datatype\2.3.4\relaxng-datatype-2.3.4.jar
2021-08-09 12:54:59.150+0000 INFO [o.n.k.i.DiagnosticsManager]  [classpath] C:\Users\user\.m2\repository\org\ccil\cowan\tagsoup\tagsoup\1.2.1\tagsoup-1.2.1.jar
2021-08-09 12:54:59.150+0000 INFO [o.n.k.i.DiagnosticsManager]  [classpath] C:\Users\user\.m2\repository\org\apache\commons\commons-compress\1.18\commons-compress-1.18.jar
2021-08-09 12:54:59.150+0000 INFO [o.n.k.i.DiagnosticsManager]  [classpath] C:\Users\user\.m2\repository\org\apache\logging\log4j\log4j-to-slf4j\2.13.3\log4j-to-slf4j-2.13.3.jar
2021-08-09 12:54:59.150+0000 INFO [o.n.k.i.DiagnosticsManager]  [classpath] C:\Users\user\.m2\repository\org\neo4j\neo4j-jmx\3.4.6\neo4j-jmx-3.4.6.jar
2021-08-09 12:54:59.150+0000 INFO [o.n.k.i.DiagnosticsManager]  [classpath] C:\Users\user\.m2\repository\org\neo4j\neo4j-logging\3.4.6\neo4j-logging-3.4.6.jar
2021-08-09 12:54:59.150+0000 INFO [o.n.k.i.DiagnosticsManager]  [classpath] C:\Users\user\.m2\repository\org\neo4j\neo4j-lucene-upgrade\3.4.6\neo4j-lucene-upgrade-3.4.6.jar
2021-08-09 12:54:59.150+0000 INFO [o.n.k.i.DiagnosticsManager]  [classpath] C:\Users\user\.m2\repository\ch\qos\logback\logback-classic\1.2.4\logback-classic-1.2.4.jar
2021-08-09 12:54:59.150+0000 INFO [o.n.k.i.DiagnosticsManager]  [classpath] C:\Users\user\.m2\repository\com\sun\xml\messaging\saaj\saaj-impl\1.5.3\saaj-impl-1.5.3.jar
2021-08-09 12:54:59.150+0000 INFO [o.n.k.i.DiagnosticsManager]  [classpath] C:\Users\user\.m2\repository\org\neo4j\neo4j-io\3.4.6\neo4j-io-3.4.6.jar
2021-08-09 12:54:59.150+0000 INFO [o.n.k.i.DiagnosticsManager]  [classpath] C:\Users\user\.m2\repository\org\apache\ws\xmlschema\xmlschema-core\2.2.4\xmlschema-core-2.2.4.jar
2021-08-09 12:54:59.150+0000 INFO [o.n.k.i.DiagnosticsManager]  [classpath] C:\Users\user\.m2\repository\org\gagravarr\vorbis-java-tika\0.8\vorbis-java-tika-0.8.jar
2021-08-09 12:54:59.150+0000 INFO [o.n.k.i.DiagnosticsManager]  [classpath] C:\Users\user\.m2\repository\jakarta\activation\jakarta.activation-api\1.2.2\jakarta.activation-api-1.2.2.jar
2021-08-09 12:54:59.150+0000 INFO [o.n.k.i.DiagnosticsManager]  [classpath] C:\Users\user\.m2\repository\org\neo4j\neo4j-cypher-frontend-3.3\3.3.6\neo4j-cypher-frontend-3.3-3.3.6.jar
2021-08-09 12:54:59.150+0000 INFO [o.n.k.i.DiagnosticsManager]  [classpath] C:\Users\user\.m2\repository\com\profesorfalken\WMI4Java\1.6.1\WMI4Java-1.6.1.jar
2021-08-09 12:54:59.150+0000 INFO [o.n.k.i.DiagnosticsManager]  [classpath] C:\Users\user\.m2\repository\org\springframework\boot\spring-boot-starter-logging\2.4.9\spring-boot-starter-logging-2.4.9.jar
2021-08-09 12:54:59.150+0000 INFO [o.n.k.i.DiagnosticsManager]  [classpath] C:\Users\user\.m2\repository\org\apache\cxf\cxf-rt-security\3.3.2\cxf-rt-security-3.3.2.jar
2021-08-09 12:54:59.150+0000 INFO [o.n.k.i.DiagnosticsManager]  [classpath] C:\Users\user\.m2\repository\com\google\guava\guava\28.0-jre\guava-28.0-jre.jar
2021-08-09 12:54:59.150+0000 INFO [o.n.k.i.DiagnosticsManager]  [classpath] C:\Users\user\.m2\repository\com\googlecode\juniversalchardet\juniversalchardet\1.0.3\juniversalchardet-1.0.3.jar
2021-08-09 12:54:59.150+0000 INFO [o.n.k.i.DiagnosticsManager]  [classpath] C:\Users\user\.m2\repository\com\googlecode\mp4parser\isoparser\1.1.22\isoparser-1.1.22.jar
2021-08-09 12:54:59.150+0000 INFO [o.n.k.i.DiagnosticsManager]  [classpath] C:\Users\user\.m2\repository\org\apache\tika\tika-parsers\1.22\tika-parsers-1.22.jar
2021-08-09 12:54:59.151+0000 INFO [o.n.k.i.DiagnosticsManager]  [classpath] C:\Users\user\.m2\repository\org\apache\commons\commons-exec\1.3\commons-exec-1.3.jar
2021-08-09 12:54:59.151+0000 INFO [o.n.k.i.DiagnosticsManager]  [classpath] C:\Users\user\.m2\repository\org\apache\geronimo\specs\geronimo-ws-metadata_2.0_spec\1.1.3\geronimo-ws-metadata_2.0_spec-1.1.3.jar
2021-08-09 12:54:59.151+0000 INFO [o.n.k.i.DiagnosticsManager]  [classpath] C:\Users\user\.m2\repository\org\apache\opennlp\opennlp-tools\1.9.1\opennlp-tools-1.9.1.jar
2021-08-09 12:54:59.151+0000 INFO [o.n.k.i.DiagnosticsManager]  [classpath] C:\Users\user\.m2\repository\org\apache\sis\core\sis-metadata\0.8\sis-metadata-0.8.jar
2021-08-09 12:54:59.151+0000 INFO [o.n.k.i.DiagnosticsManager]  [classpath] C:\Users\user\.m2\repository\org\springframework\boot\spring-boot-starter-json\2.4.9\spring-boot-starter-json-2.4.9.jar
2021-08-09 12:54:59.151+0000 INFO [o.n.k.i.DiagnosticsManager]  [classpath] C:\Users\user\.m2\repository\com\fasterxml\jackson\datatype\jackson-datatype-jdk8\2.11.4\jackson-datatype-jdk8-2.11.4.jar
2021-08-09 12:54:59.151+0000 INFO [o.n.k.i.DiagnosticsManager]  [classpath] C:\Users\user\.m2\repository\com\github\ben-manes\caffeine\caffeine\2.8.8\caffeine-2.8.8.jar
2021-08-09 12:54:59.151+0000 INFO [o.n.k.i.DiagnosticsManager]  [classpath] C:\Users\user\.m2\repository\org\neo4j\neo4j-graph-algo\3.4.6\neo4j-graph-algo-3.4.6.jar
2021-08-09 12:54:59.151+0000 INFO [o.n.k.i.DiagnosticsManager]  [classpath] C:\Users\user\.m2\repository\org\neo4j\neo4j-cypher-frontend-3.1\3.1.9\neo4j-cypher-frontend-3.1-3.1.9.jar
2021-08-09 12:54:59.151+0000 INFO [o.n.k.i.DiagnosticsManager]  [classpath] C:\Users\user\.m2\repository\org\apache\commons\commons-math3\3.6.1\commons-math3-3.6.1.jar
2021-08-09 12:54:59.152+0000 INFO [o.n.k.i.DiagnosticsManager]  [classpath] C:\Users\user\.m2\repository\jakarta\xml\bind\jakarta.xml.bind-api\2.3.3\jakarta.xml.bind-api-2.3.3.jar
2021-08-09 12:54:59.152+0000 INFO [o.n.k.i.DiagnosticsManager]  [classpath] C:\Users\user\.m2\repository\com\profesorfalken\jPowerShell\1.9\jPowerShell-1.9.jar
2021-08-09 12:54:59.152+0000 INFO [o.n.k.i.DiagnosticsManager]  [classpath] C:\Users\user\.m2\repository\org\glassfish\jaxb\codemodel\2.3.4\codemodel-2.3.4.jar
2021-08-09 12:54:59.152+0000 INFO [o.n.k.i.DiagnosticsManager]  [classpath] C:\Users\user\.m2\repository\org\apache\james\apache-mime4j-dom\0.8.3\apache-mime4j-dom-0.8.3.jar
2021-08-09 12:54:59.152+0000 INFO [o.n.k.i.DiagnosticsManager]  [classpath] C:\Users\user\.m2\repository\org\neo4j\neo4j-cypher-ir-3.3\3.3.6\neo4j-cypher-ir-3.3-3.3.6.jar
2021-08-09 12:54:59.152+0000 INFO [o.n.k.i.DiagnosticsManager]  [classpath] C:\Users\user\.m2\repository\org\apache\tika\tika-core\1.22\tika-core-1.22.jar
2021-08-09 12:54:59.152+0000 INFO [o.n.k.i.DiagnosticsManager]  [classpath] C:\Users\user\.m2\repository\org\apache\commons\commons-csv\1.7\commons-csv-1.7.jar
2021-08-09 12:54:59.152+0000 INFO [o.n.k.i.DiagnosticsManager]  [classpath] C:\Users\user\.m2\repository\org\neo4j\neo4j-collections\3.4.6\neo4j-collections-3.4.6.jar
2021-08-09 12:54:59.152+0000 INFO [o.n.k.i.DiagnosticsManager]  [classpath] C:\Users\user\.m2\repository\org\neo4j\neo4j-cypher-frontend-2.3\2.3.12\neo4j-cypher-frontend-2.3-2.3.12.jar
2021-08-09 12:54:59.152+0000 INFO [o.n.k.i.DiagnosticsManager]  [classpath] C:\Users\user\.m2\repository\org\attoparser\attoparser\2.0.5.RELEASE\attoparser-2.0.5.RELEASE.jar
2021-08-09 12:54:59.152+0000 INFO [o.n.k.i.DiagnosticsManager]  [classpath] C:\Users\user\.m2\repository\org\springframework\boot\spring-boot-starter-tomcat\2.4.9\spring-boot-starter-tomcat-2.4.9.jar
2021-08-09 12:54:59.152+0000 INFO [o.n.k.i.DiagnosticsManager]  [classpath] C:\Users\user\.m2\repository\org\springframework\boot\spring-boot-autoconfigure\2.4.9\spring-boot-autoconfigure-2.4.9.jar
2021-08-09 12:54:59.152+0000 INFO [o.n.k.i.DiagnosticsManager]  [classpath] C:\Users\user\.m2\repository\com\fasterxml\jackson\module\jackson-module-parameter-names\2.11.4\jackson-module-parameter-names-2.11.4.jar
2021-08-09 12:54:59.152+0000 INFO [o.n.k.i.DiagnosticsManager]  [classpath] C:\Users\user\.m2\repository\com\pff\java-libpst\0.8.1\java-libpst-0.8.1.jar
2021-08-09 12:54:59.152+0000 INFO [o.n.k.i.DiagnosticsManager]  [classpath] C:\Users\user\.m2\repository\javax\xml\ws\jaxws-api\2.3.1\jaxws-api-2.3.1.jar
2021-08-09 12:54:59.152+0000 INFO [o.n.k.i.DiagnosticsManager]  [classpath] C:\Users\user\.m2\repository\com\google\code\gson\gson\2.8.7\gson-2.8.7.jar
2021-08-09 12:54:59.152+0000 INFO [o.n.k.i.DiagnosticsManager]  [classpath] C:\Users\user\.m2\repository\org\apache\lucene\lucene-queryparser\5.5.5\lucene-queryparser-5.5.5.jar
2021-08-09 12:54:59.152+0000 INFO [o.n.k.i.DiagnosticsManager]  [classpath] C:\Users\user\.m2\repository\org\neo4j\openCypher-frontend-1\3.4.6\openCypher-frontend-1-3.4.6.jar
2021-08-09 12:54:59.152+0000 INFO [o.n.k.i.DiagnosticsManager]  [classpath] C:\Users\user\.m2\repository\com\drewnoakes\metadata-extractor\2.11.0\metadata-extractor-2.11.0.jar
2021-08-09 12:54:59.153+0000 INFO [o.n.k.i.DiagnosticsManager]  [classpath] C:\Users\user\.m2\repository\de\l3s\boilerpipe\boilerpipe\1.1.0\boilerpipe-1.1.0.jar
2021-08-09 12:54:59.153+0000 INFO [o.n.k.i.DiagnosticsManager]  [classpath] C:\Users\user\.m2\repository\xerces\xercesImpl\2.12.0\xercesImpl-2.12.0.jar
2021-08-09 12:54:59.153+0000 INFO [o.n.k.i.DiagnosticsManager]  [classpath] C:\Users\user\.m2\repository\org\bouncycastle\bcprov-jdk15on\1.62\bcprov-jdk15on-1.62.jar
2021-08-09 12:54:59.153+0000 INFO [o.n.k.i.DiagnosticsManager]  [classpath] C:\Users\user\.m2\repository\com\googlecode\json-simple\json-simple\1.1.1\json-simple-1.1.1.jar
2021-08-09 12:54:59.153+0000 INFO [o.n.k.i.DiagnosticsManager]  [classpath] C:\Users\user\.m2\repository\org\neo4j\neo4j-common\3.4.6\neo4j-common-3.4.6.jar
2021-08-09 12:54:59.153+0000 INFO [o.n.k.i.DiagnosticsManager]  [classpath] C:\Users\user\.m2\repository\org\jacorb\jacorb-omgapi\3.7\jacorb-omgapi-3.7.jar
2021-08-09 12:54:59.153+0000 INFO [o.n.k.i.DiagnosticsManager]  [classpath] C:\Users\user\.m2\repository\org\springframework\spring-aop\5.3.9\spring-aop-5.3.9.jar
2021-08-09 12:54:59.153+0000 INFO [o.n.k.i.DiagnosticsManager]  [classpath] C:\Users\user\.m2\repository\org\neo4j\neo4j-csv\3.4.6\neo4j-csv-3.4.6.jar
2021-08-09 12:54:59.153+0000 INFO [o.n.k.i.DiagnosticsManager] Library path:
2021-08-09 12:54:59.153+0000 INFO [o.n.k.i.DiagnosticsManager] C:\Program Files\Java\jdk-15\bin
2021-08-09 12:54:59.154+0000 INFO [o.n.k.i.DiagnosticsManager] C:\Windows\Sun\Java\bin
2021-08-09 12:54:59.154+0000 INFO [o.n.k.i.DiagnosticsManager] C:\Windows\System32
2021-08-09 12:54:59.154+0000 INFO [o.n.k.i.DiagnosticsManager] C:\Windows
2021-08-09 12:54:59.154+0000 INFO [o.n.k.i.DiagnosticsManager] C:\Program Files\Common Files\Oracle\Java\javapath
2021-08-09 12:54:59.154+0000 INFO [o.n.k.i.DiagnosticsManager] C:\Windows\System32
2021-08-09 12:54:59.154+0000 INFO [o.n.k.i.DiagnosticsManager] C:\Windows
2021-08-09 12:54:59.155+0000 INFO [o.n.k.i.DiagnosticsManager] C:\Windows\System32\wbem
2021-08-09 12:54:59.155+0000 INFO [o.n.k.i.DiagnosticsManager] C:\Windows\System32\WindowsPowerShell\v1.0
2021-08-09 12:54:59.155+0000 INFO [o.n.k.i.DiagnosticsManager] C:\Windows\System32\OpenSSH
2021-08-09 12:54:59.156+0000 INFO [o.n.k.i.DiagnosticsManager] C:\Program Files\Git\cmd
2021-08-09 12:54:59.156+0000 INFO [o.n.k.i.DiagnosticsManager] C:\Program Files\MySQL\MySQL Shell 8.0\bin
2021-08-09 12:54:59.156+0000 INFO [o.n.k.i.DiagnosticsManager] C:\Users\user\AppData\Local\Microsoft\WindowsApps
2021-08-09 12:54:59.157+0000 INFO [o.n.k.i.DiagnosticsManager] C:\Users\user\IdeaProjects\Uploading-files
2021-08-09 12:54:59.157+0000 INFO [o.n.k.i.DiagnosticsManager] C:\Program Files\JetBrains\IntelliJ IDEA Community Edition 2021.1\bin
2021-08-09 12:54:59.157+0000 INFO [o.n.k.i.DiagnosticsManager] C:\Users\user\IdeaProjects\Uploading-files
2021-08-09 12:54:59.157+0000 INFO [o.n.k.i.DiagnosticsManager] C:\Program Files\JetBrains\IntelliJ IDEA 2021.1.3\bin
2021-08-09 12:54:59.158+0000 INFO [o.n.k.i.DiagnosticsManager] C:\Users\user\IdeaProjects\Uploading-files
2021-08-09 12:54:59.158+0000 INFO [o.n.k.i.DiagnosticsManager] C:\Users\user\IdeaProjects\Uploading-files
2021-08-09 12:54:59.158+0000 INFO [o.n.k.i.DiagnosticsManager] System.properties:
2021-08-09 12:54:59.158+0000 INFO [o.n.k.i.DiagnosticsManager] sun.cpu.isalist = amd64
2021-08-09 12:54:59.158+0000 INFO [o.n.k.i.DiagnosticsManager] sun.jnu.encoding = Cp1251
2021-08-09 12:54:59.158+0000 INFO [o.n.k.i.DiagnosticsManager] sun.arch.data.model = 64
2021-08-09 12:54:59.158+0000 INFO [o.n.k.i.DiagnosticsManager] user.variant = 
2021-08-09 12:54:59.158+0000 INFO [o.n.k.i.DiagnosticsManager] catalina.useNaming = false
2021-08-09 12:54:59.158+0000 INFO [o.n.k.i.DiagnosticsManager] user.timezone = Europe/Minsk
2021-08-09 12:54:59.158+0000 INFO [o.n.k.i.DiagnosticsManager] user.country.format = BY
2021-08-09 12:54:59.158+0000 INFO [o.n.k.i.DiagnosticsManager] sun.java.launcher = SUN_STANDARD
2021-08-09 12:54:59.158+0000 INFO [o.n.k.i.DiagnosticsManager] user.country = RU
2021-08-09 12:54:59.158+0000 INFO [o.n.k.i.DiagnosticsManager] sun.boot.library.path = C:\Program Files\Java\jdk-15\bin
2021-08-09 12:54:59.158+0000 INFO [o.n.k.i.DiagnosticsManager] sun.java.command = com.example.uploadingfiles.UploadingFilesApplication
2021-08-09 12:54:59.158+0000 INFO [o.n.k.i.DiagnosticsManager] jdk.debug = release
2021-08-09 12:54:59.158+0000 INFO [o.n.k.i.DiagnosticsManager] sun.cpu.endian = little
2021-08-09 12:54:59.158+0000 INFO [o.n.k.i.DiagnosticsManager] user.home = C:\Users\user
2021-08-09 12:54:59.159+0000 INFO [o.n.k.i.DiagnosticsManager] user.language = ru
2021-08-09 12:54:59.159+0000 INFO [o.n.k.i.DiagnosticsManager] file.separator = \
2021-08-09 12:54:59.159+0000 INFO [o.n.k.i.DiagnosticsManager] FILE_LOG_CHARSET = UTF-8
2021-08-09 12:54:59.159+0000 INFO [o.n.k.i.DiagnosticsManager] user.script = 
2021-08-09 12:54:59.159+0000 INFO [o.n.k.i.DiagnosticsManager] sun.management.compiler = HotSpot 64-Bit Tiered Compilers
2021-08-09 12:54:59.159+0000 INFO [o.n.k.i.DiagnosticsManager] user.name = user
2021-08-09 12:54:59.159+0000 INFO [o.n.k.i.DiagnosticsManager] path.separator = ;
2021-08-09 12:54:59.159+0000 INFO [o.n.k.i.DiagnosticsManager] file.encoding = UTF-8
2021-08-09 12:54:59.159+0000 INFO [o.n.k.i.DiagnosticsManager] spring.beaninfo.ignore = true
2021-08-09 12:54:59.159+0000 INFO [o.n.k.i.DiagnosticsManager] catalina.home = C:\Users\user\AppData\Local\Temp\tomcat.8080.16236199261900656906
2021-08-09 12:54:59.159+0000 INFO [o.n.k.i.DiagnosticsManager] user.dir = C:\Users\user\IdeaProjects\Uploading-files
2021-08-09 12:54:59.159+0000 INFO [o.n.k.i.DiagnosticsManager] PID = 2268
2021-08-09 12:54:59.159+0000 INFO [o.n.k.i.DiagnosticsManager] sun.os.patch.level = 
2021-08-09 12:54:59.159+0000 INFO [o.n.k.i.DiagnosticsManager] CONSOLE_LOG_CHARSET = UTF-8
2021-08-09 12:54:59.159+0000 INFO [o.n.k.i.DiagnosticsManager] catalina.base = C:\Users\user\AppData\Local\Temp\tomcat.8080.16236199261900656906
2021-08-09 12:54:59.159+0000 INFO [o.n.k.i.DiagnosticsManager] sun.io.unicode.encoding = UnicodeLittle
2021-08-09 12:54:59.159+0000 INFO [o.n.k.i.DiagnosticsManager] (IANA) TimeZone Database Version:
2021-08-09 12:54:59.193+0000 INFO [o.n.k.i.DiagnosticsManager]   TimeZone version: 2020a (available for 601 zone identifiers)
2021-08-09 12:54:59.193+0000 INFO [o.n.k.i.DiagnosticsManager] Network information:
2021-08-09 12:54:59.200+0000 INFO [o.n.k.i.DiagnosticsManager] Interface Software Loopback Interface 1:
2021-08-09 12:54:59.200+0000 INFO [o.n.k.i.DiagnosticsManager]     address: 127.0.0.1
2021-08-09 12:54:59.200+0000 INFO [o.n.k.i.DiagnosticsManager]     address: 0:0:0:0:0:0:0:1
2021-08-09 12:54:59.200+0000 INFO [o.n.k.i.DiagnosticsManager] Interface Microsoft 6to4 Adapter:
2021-08-09 12:54:59.200+0000 INFO [o.n.k.i.DiagnosticsManager] Interface WAN Miniport (SSTP):
2021-08-09 12:54:59.200+0000 INFO [o.n.k.i.DiagnosticsManager] Interface Microsoft IP-HTTPS Platform Adapter:
2021-08-09 12:54:59.200+0000 INFO [o.n.k.i.DiagnosticsManager] Interface WAN Miniport (IP):
2021-08-09 12:54:59.200+0000 INFO [o.n.k.i.DiagnosticsManager] Interface WAN Miniport (L2TP):
2021-08-09 12:54:59.200+0000 INFO [o.n.k.i.DiagnosticsManager] Interface WAN Miniport (IPv6):
2021-08-09 12:54:59.201+0000 INFO [o.n.k.i.DiagnosticsManager] Interface Microsoft Kernel Debug Network Adapter:
2021-08-09 12:54:59.201+0000 INFO [o.n.k.i.DiagnosticsManager] Interface WAN Miniport (PPTP):
2021-08-09 12:54:59.201+0000 INFO [o.n.k.i.DiagnosticsManager] Interface WAN Miniport (PPPOE):
2021-08-09 12:54:59.201+0000 INFO [o.n.k.i.DiagnosticsManager] Interface Microsoft Teredo Tunneling Adapter:
2021-08-09 12:54:59.201+0000 INFO [o.n.k.i.DiagnosticsManager] Interface WAN Miniport (Network Monitor):
2021-08-09 12:54:59.202+0000 INFO [o.n.k.i.DiagnosticsManager] Interface WAN Miniport (IKEv2):
2021-08-09 12:54:59.202+0000 INFO [o.n.k.i.DiagnosticsManager] Interface Realtek PCIe GbE Family Controller:
2021-08-09 12:54:59.202+0000 INFO [o.n.k.i.DiagnosticsManager]     address: 192.168.1.89
2021-08-09 12:54:59.202+0000 INFO [o.n.k.i.DiagnosticsManager]     address: fe80:0:0:0:5cd3:b1b8:ed0b:58e3%eth4
2021-08-09 12:54:59.202+0000 INFO [o.n.k.i.DiagnosticsManager] Interface Realtek PCIe GbE Family Controller-WFP Native MAC Layer LightWeight Filter-0000:
2021-08-09 12:54:59.202+0000 INFO [o.n.k.i.DiagnosticsManager] Interface Realtek PCIe GbE Family Controller-QoS Packet Scheduler-0000:
2021-08-09 12:54:59.202+0000 INFO [o.n.k.i.DiagnosticsManager] Interface Realtek PCIe GbE Family Controller-WFP 802.3 MAC Layer LightWeight Filter-0000:
2021-08-09 12:54:59.202+0000 INFO [o.n.k.i.DiagnosticsManager] Interface WAN Miniport (IP)-WFP Native MAC Layer LightWeight Filter-0000:
2021-08-09 12:54:59.202+0000 INFO [o.n.k.i.DiagnosticsManager] Interface WAN Miniport (IP)-QoS Packet Scheduler-0000:
2021-08-09 12:54:59.202+0000 INFO [o.n.k.i.DiagnosticsManager] Interface WAN Miniport (IPv6)-WFP Native MAC Layer LightWeight Filter-0000:
2021-08-09 12:54:59.203+0000 INFO [o.n.k.i.DiagnosticsManager] Interface WAN Miniport (IPv6)-QoS Packet Scheduler-0000:
2021-08-09 12:54:59.203+0000 INFO [o.n.k.i.DiagnosticsManager] Interface WAN Miniport (Network Monitor)-WFP Native MAC Layer LightWeight Filter-0000:
2021-08-09 12:54:59.203+0000 INFO [o.n.k.i.DiagnosticsManager] Interface WAN Miniport (Network Monitor)-QoS Packet Scheduler-0000:
2021-08-09 12:54:59.203+0000 INFO [o.n.k.i.DiagnosticsManager] --- INITIALIZED diagnostics END ---
2021-08-09 12:54:59.410+0000 INFO [o.n.k.i.s.f.RecordFormatSelector] Selected format 'RecordFormat:StandardV3_4[v0.A.9]' for the new store
2021-08-09 12:54:59.907+0000 INFO [o.n.k.i.i.l.NativeLabelScanStore] No label index found, this might just be first use. Preparing to rebuild.
2021-08-09 12:54:59.941+0000 INFO [o.n.k.NeoStoreDataSource] Rotated to transaction log [C:\Users\user\IdeaProjects\Uploading-files\upload-dir\neostore.transaction.db.0] version=0, last transaction in previous log=1
2021-08-09 12:54:59.942+0000 INFO [o.n.k.NeoStoreDataSource] No commits found after last check point (which is at <no log position given>)
2021-08-09 12:54:59.948+0000 WARN [o.n.k.i.s.MetaDataStore] Missing counts store, rebuilding it.
2021-08-09 12:55:00.120+0000 WARN [o.n.k.i.s.MetaDataStore] Counts store rebuild completed.
2021-08-09 12:55:00.133+0000 INFO [o.n.k.i.i.l.NativeLabelScanStore] Rebuilding label index, this may take a while
2021-08-09 12:55:00.146+0000 INFO [o.n.k.i.i.l.NativeLabelScanStore] Label index rebuilt (roughly 0 nodes)
2021-08-09 12:55:00.186+0000 INFO [o.n.k.i.DatabaseHealth] Database health set to OK
2021-08-09 12:55:00.444+0000 INFO [o.n.k.AvailabilityGuard] Fulfilling of requirement makes database available: Database available
2021-08-09 12:55:00.445+0000 INFO [o.n.k.i.f.GraphDatabaseFacadeFactory] Database is now ready
2021-08-09 12:55:00.447+0000 INFO [o.n.k.i.DiagnosticsManager] --- STARTED diagnostics for KernelDiagnostics:Versions START ---
2021-08-09 12:55:00.447+0000 INFO [o.n.k.i.DiagnosticsManager] Graph Database: community single StoreId{creationTime=1628513699784, randomId=-8929887856985276247, storeVersion=16094931155187206, upgradeTime=1628513699784, upgradeId=1}
2021-08-09 12:55:00.448+0000 INFO [o.n.k.i.DiagnosticsManager] Kernel version: 3.4.6,ff53003e8435935995de3a4aa337981c2609ca11
2021-08-09 12:55:00.448+0000 INFO [o.n.k.i.DiagnosticsManager] --- STARTED diagnostics for KernelDiagnostics:Versions END ---
2021-08-09 12:55:00.450+0000 INFO [o.n.k.i.DiagnosticsManager] --- STARTED diagnostics for NEO_STORE_VERSIONS START ---
2021-08-09 12:55:00.451+0000 INFO [o.n.k.i.DiagnosticsManager] Store versions:
2021-08-09 12:55:00.451+0000 INFO [o.n.k.i.DiagnosticsManager] Store versions:
2021-08-09 12:55:00.453+0000 INFO [o.n.k.i.DiagnosticsManager]   ArrayPropertyStore v0.A.9
2021-08-09 12:55:00.453+0000 INFO [o.n.k.i.DiagnosticsManager]   NodeStore v0.A.9
2021-08-09 12:55:00.454+0000 INFO [o.n.k.i.DiagnosticsManager]   StringPropertyStore v0.A.9
2021-08-09 12:55:00.454+0000 INFO [o.n.k.i.DiagnosticsManager]   PropertyIndexStore v0.A.9
2021-08-09 12:55:00.454+0000 INFO [o.n.k.i.DiagnosticsManager]   StringPropertyStore v0.A.9
2021-08-09 12:55:00.454+0000 INFO [o.n.k.i.DiagnosticsManager]   ArrayPropertyStore v0.A.9
2021-08-09 12:55:00.455+0000 INFO [o.n.k.i.DiagnosticsManager]   PropertyStore v0.A.9
2021-08-09 12:55:00.455+0000 INFO [o.n.k.i.DiagnosticsManager]   RelationshipStore v0.A.9
2021-08-09 12:55:00.455+0000 INFO [o.n.k.i.DiagnosticsManager]   StringPropertyStore v0.A.9
2021-08-09 12:55:00.455+0000 INFO [o.n.k.i.DiagnosticsManager]   RelationshipTypeStore v0.A.9
2021-08-09 12:55:00.456+0000 INFO [o.n.k.i.DiagnosticsManager]   StringPropertyStore v0.A.9
2021-08-09 12:55:00.456+0000 INFO [o.n.k.i.DiagnosticsManager]   LabelTokenStore v0.A.9
2021-08-09 12:55:00.456+0000 INFO [o.n.k.i.DiagnosticsManager]   SchemaStore v0.A.9
2021-08-09 12:55:00.456+0000 INFO [o.n.k.i.DiagnosticsManager]   RelationshipGroupStore v0.A.9
2021-08-09 12:55:00.457+0000 INFO [o.n.k.i.DiagnosticsManager]   NeoStore v0.A.9
2021-08-09 12:55:00.457+0000 INFO [o.n.k.i.DiagnosticsManager] --- STARTED diagnostics for NEO_STORE_VERSIONS END ---
2021-08-09 12:55:00.458+0000 INFO [o.n.k.i.DiagnosticsManager] --- STARTED diagnostics for NEO_STORE_ID_USAGE START ---
2021-08-09 12:55:00.458+0000 INFO [o.n.k.i.DiagnosticsManager] Id usage:
2021-08-09 12:55:00.458+0000 INFO [o.n.k.i.DiagnosticsManager] Id usage:
2021-08-09 12:55:00.459+0000 INFO [o.n.k.i.DiagnosticsManager]   ArrayPropertyStore: used=1 high=0
2021-08-09 12:55:00.459+0000 INFO [o.n.k.i.DiagnosticsManager]   NodeStore: used=0 high=-1
2021-08-09 12:55:00.460+0000 INFO [o.n.k.i.DiagnosticsManager]   StringPropertyStore: used=1 high=0
2021-08-09 12:55:00.460+0000 INFO [o.n.k.i.DiagnosticsManager]   PropertyIndexStore: used=0 high=-1
2021-08-09 12:55:00.460+0000 INFO [o.n.k.i.DiagnosticsManager]   StringPropertyStore: used=1 high=0
2021-08-09 12:55:00.460+0000 INFO [o.n.k.i.DiagnosticsManager]   ArrayPropertyStore: used=1 high=0
2021-08-09 12:55:00.461+0000 INFO [o.n.k.i.DiagnosticsManager]   PropertyStore: used=0 high=-1
2021-08-09 12:55:00.461+0000 INFO [o.n.k.i.DiagnosticsManager]   RelationshipStore: used=0 high=-1
2021-08-09 12:55:00.461+0000 INFO [o.n.k.i.DiagnosticsManager]   StringPropertyStore: used=1 high=0
2021-08-09 12:55:00.462+0000 INFO [o.n.k.i.DiagnosticsManager]   RelationshipTypeStore: used=0 high=-1
2021-08-09 12:55:00.462+0000 INFO [o.n.k.i.DiagnosticsManager]   StringPropertyStore: used=1 high=0
2021-08-09 12:55:00.462+0000 INFO [o.n.k.i.DiagnosticsManager]   LabelTokenStore: used=0 high=-1
2021-08-09 12:55:00.462+0000 INFO [o.n.k.i.DiagnosticsManager]   SchemaStore: used=1 high=0
2021-08-09 12:55:00.463+0000 INFO [o.n.k.i.DiagnosticsManager]   RelationshipGroupStore: used=1 high=0
2021-08-09 12:55:00.463+0000 INFO [o.n.k.i.DiagnosticsManager]   NeoStore: used=15 high=14
2021-08-09 12:55:00.463+0000 INFO [o.n.k.i.DiagnosticsManager] --- STARTED diagnostics for NEO_STORE_ID_USAGE END ---
2021-08-09 12:55:00.463+0000 INFO [o.n.k.i.DiagnosticsManager] --- STARTED diagnostics for NEO_STORE_RECORDS START ---
2021-08-09 12:55:00.464+0000 INFO [o.n.k.i.DiagnosticsManager] Neostore records:
2021-08-09 12:55:00.465+0000 INFO [o.n.k.i.DiagnosticsManager] TIME (Creation time): 1628513699784
2021-08-09 12:55:00.465+0000 INFO [o.n.k.i.DiagnosticsManager] RANDOM_NUMBER (Random number for store id): -8929887856985276247
2021-08-09 12:55:00.466+0000 INFO [o.n.k.i.DiagnosticsManager] LOG_VERSION (Current log version): 0
2021-08-09 12:55:00.466+0000 INFO [o.n.k.i.DiagnosticsManager] LAST_TRANSACTION_ID (Last committed transaction): 1
2021-08-09 12:55:00.467+0000 INFO [o.n.k.i.DiagnosticsManager] STORE_VERSION (Store format version): 16094931155187206
2021-08-09 12:55:00.467+0000 INFO [o.n.k.i.DiagnosticsManager] FIRST_GRAPH_PROPERTY (First property record containing graph properties): -1
2021-08-09 12:55:00.467+0000 INFO [o.n.k.i.DiagnosticsManager] LAST_CONSTRAINT_TRANSACTION (Last committed transaction containing constraint changes): 0
2021-08-09 12:55:00.467+0000 INFO [o.n.k.i.DiagnosticsManager] UPGRADE_TRANSACTION_ID (Transaction id most recent upgrade was performed at): 1
2021-08-09 12:55:00.468+0000 INFO [o.n.k.i.DiagnosticsManager] UPGRADE_TIME (Time of last upgrade): 1628513699784
2021-08-09 12:55:00.469+0000 INFO [o.n.k.i.DiagnosticsManager] LAST_TRANSACTION_CHECKSUM (Checksum of last committed transaction): 0
2021-08-09 12:55:00.469+0000 INFO [o.n.k.i.DiagnosticsManager] UPGRADE_TRANSACTION_CHECKSUM (Checksum of transaction id the most recent upgrade was performed at): 0
2021-08-09 12:55:00.469+0000 INFO [o.n.k.i.DiagnosticsManager] LAST_CLOSED_TRANSACTION_LOG_VERSION (Log version where the last transaction commit entry has been written into): 0
2021-08-09 12:55:00.470+0000 INFO [o.n.k.i.DiagnosticsManager] LAST_CLOSED_TRANSACTION_LOG_BYTE_OFFSET (Byte offset in the log file where the last transaction commit entry has been written into): 16
2021-08-09 12:55:00.470+0000 INFO [o.n.k.i.DiagnosticsManager] LAST_TRANSACTION_COMMIT_TIMESTAMP (Commit time timestamp for last committed transaction): 0
2021-08-09 12:55:00.471+0000 INFO [o.n.k.i.DiagnosticsManager] UPGRADE_TRANSACTION_COMMIT_TIMESTAMP (Commit timestamp of transaction the most recent upgrade was performed at): 0
2021-08-09 12:55:00.471+0000 INFO [o.n.k.i.DiagnosticsManager] --- STARTED diagnostics for NEO_STORE_RECORDS END ---
2021-08-09 12:55:00.472+0000 INFO [o.n.k.i.DiagnosticsManager] --- STARTED diagnostics for TRANSACTION_RANGE START ---
2021-08-09 12:55:00.473+0000 INFO [o.n.k.i.DiagnosticsManager] Transaction log:
2021-08-09 12:55:00.475+0000 INFO [o.n.k.i.DiagnosticsManager] No transactions found in any log
2021-08-09 12:55:00.475+0000 INFO [o.n.k.i.DiagnosticsManager] --- STARTED diagnostics for TRANSACTION_RANGE END ---
2021-08-09 12:55:00.476+0000 INFO [o.n.k.i.DiagnosticsManager] --- STARTED diagnostics for KernelDiagnostics:StoreFiles START ---
2021-08-09 12:55:00.480+0000 INFO [o.n.k.i.DiagnosticsManager] Disk space on partition (Total / Free / Free %): 146124304384 / 8552116224 / 5
2021-08-09 12:55:00.480+0000 INFO [o.n.k.i.DiagnosticsManager] Storage files: (filename : modification date - size)
2021-08-09 12:55:00.483+0000 INFO [o.n.k.i.DiagnosticsManager]   index:
2021-08-09 12:55:00.484+0000 INFO [o.n.k.i.DiagnosticsManager]   - Total: 2021-08-09T15:54:59+0300 - 0.00 B
2021-08-09 12:55:00.486+0000 INFO [o.n.k.i.DiagnosticsManager]   logs:
2021-08-09 12:55:00.489+0000 INFO [o.n.k.i.DiagnosticsManager]     debug.log: 2021-08-09T15:55:00+0300 - 61.28 kB
2021-08-09 12:55:00.490+0000 INFO [o.n.k.i.DiagnosticsManager]   - Total: 2021-08-09T15:54:58+0300 - 61.28 kB
2021-08-09 12:55:00.491+0000 INFO [o.n.k.i.DiagnosticsManager]   neostore: 2021-08-09T15:54:59+0300 - 8.00 kB
2021-08-09 12:55:00.492+0000 INFO [o.n.k.i.DiagnosticsManager]   neostore.counts.db.a: 2021-08-09T15:55:00+0300 - 96.00 B
2021-08-09 12:55:00.492+0000 INFO [o.n.k.i.DiagnosticsManager]   neostore.id: 2021-08-09T15:54:59+0300 - 9.00 B
2021-08-09 12:55:00.493+0000 INFO [o.n.k.i.DiagnosticsManager]   neostore.labelscanstore.db: 2021-08-09T15:55:00+0300 - 40.00 kB
2021-08-09 12:55:00.493+0000 INFO [o.n.k.i.DiagnosticsManager]   neostore.labeltokenstore.db: 2021-08-09T15:54:59+0300 - 0.00 B
2021-08-09 12:55:00.494+0000 INFO [o.n.k.i.DiagnosticsManager]   neostore.labeltokenstore.db.id: 2021-08-09T15:54:59+0300 - 9.00 B
2021-08-09 12:55:00.495+0000 INFO [o.n.k.i.DiagnosticsManager]   neostore.labeltokenstore.db.names: 2021-08-09T15:54:59+0300 - 8.00 kB
2021-08-09 12:55:00.496+0000 INFO [o.n.k.i.DiagnosticsManager]   neostore.labeltokenstore.db.names.id: 2021-08-09T15:54:59+0300 - 9.00 B
2021-08-09 12:55:00.496+0000 INFO [o.n.k.i.DiagnosticsManager]   neostore.nodestore.db: 2021-08-09T15:54:59+0300 - 0.00 B
2021-08-09 12:55:00.497+0000 INFO [o.n.k.i.DiagnosticsManager]   neostore.nodestore.db.id: 2021-08-09T15:54:59+0300 - 9.00 B
2021-08-09 12:55:00.498+0000 INFO [o.n.k.i.DiagnosticsManager]   neostore.nodestore.db.labels: 2021-08-09T15:54:59+0300 - 8.00 kB
2021-08-09 12:55:00.498+0000 INFO [o.n.k.i.DiagnosticsManager]   neostore.nodestore.db.labels.id: 2021-08-09T15:54:59+0300 - 9.00 B
2021-08-09 12:55:00.499+0000 INFO [o.n.k.i.DiagnosticsManager]   neostore.propertystore.db: 2021-08-09T15:54:59+0300 - 0.00 B
2021-08-09 12:55:00.500+0000 INFO [o.n.k.i.DiagnosticsManager]   neostore.propertystore.db.arrays: 2021-08-09T15:54:59+0300 - 8.00 kB
2021-08-09 12:55:00.500+0000 INFO [o.n.k.i.DiagnosticsManager]   neostore.propertystore.db.arrays.id: 2021-08-09T15:54:59+0300 - 9.00 B
2021-08-09 12:55:00.501+0000 INFO [o.n.k.i.DiagnosticsManager]   neostore.propertystore.db.id: 2021-08-09T15:54:59+0300 - 9.00 B
2021-08-09 12:55:00.503+0000 INFO [o.n.k.i.DiagnosticsManager]   neostore.propertystore.db.index: 2021-08-09T15:54:59+0300 - 0.00 B
2021-08-09 12:55:00.504+0000 INFO [o.n.k.i.DiagnosticsManager]   neostore.propertystore.db.index.id: 2021-08-09T15:54:59+0300 - 9.00 B
2021-08-09 12:55:00.504+0000 INFO [o.n.k.i.DiagnosticsManager]   neostore.propertystore.db.index.keys: 2021-08-09T15:54:59+0300 - 8.00 kB
2021-08-09 12:55:00.505+0000 INFO [o.n.k.i.DiagnosticsManager]   neostore.propertystore.db.index.keys.id: 2021-08-09T15:54:59+0300 - 9.00 B
2021-08-09 12:55:00.506+0000 INFO [o.n.k.i.DiagnosticsManager]   neostore.propertystore.db.strings: 2021-08-09T15:54:59+0300 - 8.00 kB
2021-08-09 12:55:00.506+0000 INFO [o.n.k.i.DiagnosticsManager]   neostore.propertystore.db.strings.id: 2021-08-09T15:54:59+0300 - 9.00 B
2021-08-09 12:55:00.508+0000 INFO [o.n.k.i.DiagnosticsManager]   neostore.relationshipgroupstore.db: 2021-08-09T15:54:59+0300 - 8.00 kB
2021-08-09 12:55:00.510+0000 INFO [o.n.k.i.DiagnosticsManager]   neostore.relationshipgroupstore.db.id: 2021-08-09T15:54:59+0300 - 9.00 B
2021-08-09 12:55:00.512+0000 INFO [o.n.k.i.DiagnosticsManager]   neostore.relationshipstore.db: 2021-08-09T15:54:59+0300 - 0.00 B
2021-08-09 12:55:00.513+0000 INFO [o.n.k.i.DiagnosticsManager]   neostore.relationshipstore.db.id: 2021-08-09T15:54:59+0300 - 9.00 B
2021-08-09 12:55:00.514+0000 INFO [o.n.k.i.DiagnosticsManager]   neostore.relationshiptypestore.db: 2021-08-09T15:54:59+0300 - 0.00 B
2021-08-09 12:55:00.514+0000 INFO [o.n.k.i.DiagnosticsManager]   neostore.relationshiptypestore.db.id: 2021-08-09T15:54:59+0300 - 9.00 B
2021-08-09 12:55:00.515+0000 INFO [o.n.k.i.DiagnosticsManager]   neostore.relationshiptypestore.db.names: 2021-08-09T15:54:59+0300 - 8.00 kB
2021-08-09 12:55:00.516+0000 INFO [o.n.k.i.DiagnosticsManager]   neostore.relationshiptypestore.db.names.id: 2021-08-09T15:54:59+0300 - 9.00 B
2021-08-09 12:55:00.517+0000 INFO [o.n.k.i.DiagnosticsManager]   neostore.schemastore.db: 2021-08-09T15:54:59+0300 - 8.00 kB
2021-08-09 12:55:00.518+0000 INFO [o.n.k.i.DiagnosticsManager]   neostore.schemastore.db.id: 2021-08-09T15:54:59+0300 - 9.00 B
2021-08-09 12:55:00.522+0000 INFO [o.n.k.i.DiagnosticsManager]   neostore.transaction.db.0: 2021-08-09T15:54:59+0300 - 16.00 B
2021-08-09 12:55:00.523+0000 INFO [o.n.k.i.DiagnosticsManager]   store_lock: 2021-08-09T15:54:59+0300 - 0.00 B
2021-08-09 12:55:00.524+0000 INFO [o.n.k.i.DiagnosticsManager] Storage summary: 
2021-08-09 12:55:00.524+0000 INFO [o.n.k.i.DiagnosticsManager]   Total size of store: 173.52 kB
2021-08-09 12:55:00.525+0000 INFO [o.n.k.i.DiagnosticsManager]   Total size of mapped files: 112.00 kB
2021-08-09 12:55:00.525+0000 INFO [o.n.k.i.DiagnosticsManager] --- STARTED diagnostics for KernelDiagnostics:StoreFiles END ---
